Using pre-set license
Built from '2020.3/staging' branch; Version is '2020.3.3f1 (76626098c1c4) revision 7758432'; Using compiler version '192528614'; Build Type 'Release'
OS: 'Windows 10 Pro; OS build 19042.985; Version 2009; 64bit' Language: 'en' Physical Memory: 16219 MB
BatchMode: 1, IsHumanControllingUs: 0, StartBugReporterOnCrash: 0, Is64bit: 1, IsPro: 0

 COMMAND LINE ARGUMENTS:
C:\Program Files\Unity\Hub\Editor\2020.3.3f1\Editor\Unity.exe
-adb2
-batchMode
-noUpm
-name
AssetImportWorker0
-projectPath
C:/Users/J-Hanley/Documents/GitHub/Gabe-Ram-Game-Remastered-/Gabe Ram Game
-logFile
Logs/AssetImportWorker0.log
-srvPort
52127
Successfully changed project path to: C:/Users/J-Hanley/Documents/GitHub/Gabe-Ram-Game-Remastered-/Gabe Ram Game
C:/Users/J-Hanley/Documents/GitHub/Gabe-Ram-Game-Remastered-/Gabe Ram Game
Using Asset Import Pipeline V2.
Refreshing native plugins compatible for Editor in 38.19 ms, found 0 plugins.
Preloading 0 native plugins for Editor in 0.00 ms.
Initialize engine version: 2020.3.3f1 (76626098c1c4)
[Subsystems] Discovering subsystems at path C:/Program Files/Unity/Hub/Editor/2020.3.3f1/Editor/Data/Resources/UnitySubsystems
[Subsystems] Discovering subsystems at path C:/Users/J-Hanley/Documents/GitHub/Gabe-Ram-Game-Remastered-/Gabe Ram Game/Assets
GfxDevice: creating device client; threaded=0
Direct3D:
    Version:  Direct3D 11.0 [level 11.0]
    Renderer: NVIDIA GeForce GTX 750 Ti (ID=0x1380)
    Vendor:   
    VRAM:     2007 MB
    Driver:   27.21.14.6627
Initialize mono
Mono path[0] = 'C:/Program Files/Unity/Hub/Editor/2020.3.3f1/Editor/Data/Managed'
Mono path[1] = 'C:/Program Files/Unity/Hub/Editor/2020.3.3f1/Editor/Data/MonoBleedingEdge/lib/mono/unityjit'
Mono config path = 'C:/Program Files/Unity/Hub/Editor/2020.3.3f1/Editor/Data/MonoBleedingEdge/etc'
Using monoOptions --debugger-agent=transport=dt_socket,embedding=1,server=y,suspend=n,address=127.0.0.1:56188
Begin MonoManager ReloadAssembly
Registering precompiled unity dll's ...
Register platform support module: C:/Program Files/Unity/Hub/Editor/2020.3.3f1/Editor/Data/PlaybackEngines/WindowsStandaloneSupport/UnityEditor.WindowsStandalone.Extensions.dll
Registered in 0.004770 seconds.
Native extension for WindowsStandalone target not found
Refreshing native plugins compatible for Editor in 89.02 ms, found 0 plugins.
Preloading 0 native plugins for Editor in 0.00 ms.
Invoked RoslynAnalysisRunner static constructor.
RoslynAnalysisRunner will not be running.
RoslynAnalysisRunner has terminated.
Mono: successfully reloaded assembly
- Completed reload, in  2.817 seconds
Platform modules already initialized, skipping
Registering precompiled user dll's ...
Registered in 0.001377 seconds.
Begin MonoManager ReloadAssembly
Native extension for WindowsStandalone target not found
Refreshing native plugins compatible for Editor in 1.12 ms, found 0 plugins.
Preloading 0 native plugins for Editor in 0.00 ms.
Invoked RoslynAnalysisRunner static constructor.
RoslynAnalysisRunner will not be running.
RoslynAnalysisRunner has terminated.
Mono: successfully reloaded assembly
- Completed reload, in  1.735 seconds
Platform modules already initialized, skipping
========================================================================
Worker process is ready to serve import requests
Launched and connected shader compiler UnityShaderCompiler.exe after 0.13 seconds
Refreshing native plugins compatible for Editor in 0.32 ms, found 0 plugins.
Preloading 0 native plugins for Editor in 0.00 ms.
Unloading 1262 Unused Serialized files (Serialized files now loaded: 0)
System memory in use before: 74.5 MB.
System memory in use after: 74.5 MB.

Unloading 11 unused Assets to reduce memory usage. Loaded Objects now: 1718.
Total: 2.277700 ms (FindLiveObjects: 0.194200 ms CreateObjectMapping: 0.094600 ms MarkObjects: 1.874500 ms  DeleteObjects: 0.112900 ms)

========================================================================
Received Import Request.
  path: Assets/New Terrain.asset
  artifactKey: Guid(2ebdd34a15860384aa2ff2fb2d3167b9) Importer(815301076,1909f56bfc062723c751e8b465ee728b)
Start importing Assets/New Terrain.asset using Guid(2ebdd34a15860384aa2ff2fb2d3167b9) Importer(815301076,1909f56bfc062723c751e8b465ee728b)  -> (artifact id: 'd29884ababad4e1af0ab030aa58f159d') in 0.062329 seconds
  Import took 0.066815 seconds .

========================================================================
Received Import Request.
  Time since last request: 60.811834 seconds.
  path: Assets
  artifactKey: Guid(00000000000000001000000000000000) Importer(815301076,1909f56bfc062723c751e8b465ee728b)
Start importing Assets using Guid(00000000000000001000000000000000) Importer(815301076,1909f56bfc062723c751e8b465ee728b)  -> (artifact id: 'b2e0e235c0f4af3754229b664788db90') in 0.010311 seconds
  Import took 0.014805 seconds .

========================================================================
Received Import Request.
  Time since last request: 4.138878 seconds.
  path: Assets/Mats
  artifactKey: Guid(a23a0edcba3926d46a754d0f573fe79d) Importer(815301076,1909f56bfc062723c751e8b465ee728b)
Start importing Assets/Mats using Guid(a23a0edcba3926d46a754d0f573fe79d) Importer(815301076,1909f56bfc062723c751e8b465ee728b)  -> (artifact id: '716891de0cb83ea90770ec1d57e9a95c') in 0.013668 seconds
  Import took 0.021765 seconds .

========================================================================
Received Import Request.
  Time since last request: 4.303326 seconds.
  path: Assets/Scripts
  artifactKey: Guid(0460678db9632854d91dabb82454a52c) Importer(815301076,1909f56bfc062723c751e8b465ee728b)
Start importing Assets/Scripts using Guid(0460678db9632854d91dabb82454a52c) Importer(815301076,1909f56bfc062723c751e8b465ee728b)  -> (artifact id: '5e5051e74f7c9c4413fd7cb0827d0637') in 0.011650 seconds
  Import took 0.019092 seconds .

========================================================================
Received Import Request.
  Time since last request: 4.418752 seconds.
  path: Assets/Prefabs
  artifactKey: Guid(3149bcbcb7597e048a1d2b6d10722ef5) Importer(815301076,1909f56bfc062723c751e8b465ee728b)
Start importing Assets/Prefabs using Guid(3149bcbcb7597e048a1d2b6d10722ef5) Importer(815301076,1909f56bfc062723c751e8b465ee728b)  -> (artifact id: 'fa7f79c8c7fe529bbd8760e871fb211c') in 0.023343 seconds
  Import took 0.027021 seconds .

========================================================================
Received Import Request.
  Time since last request: 17.567518 seconds.
  path: Assets/Mats/Testing Material.mat
  artifactKey: Guid(920bf3fa2577f0c429c1c5526233decf) Importer(815301076,1909f56bfc062723c751e8b465ee728b)
Start importing Assets/Mats/Testing Material.mat using Guid(920bf3fa2577f0c429c1c5526233decf) Importer(815301076,1909f56bfc062723c751e8b465ee728b)  -> (artifact id: '5dd96aacf9bc47b0427835d890769782') in 0.173270 seconds
  Import took 0.176440 seconds .

========================================================================
Received Import Request.
  Time since last request: 48.068204 seconds.
  path: Assets/Mats/Testing Material.mat
  artifactKey: Guid(920bf3fa2577f0c429c1c5526233decf) Importer(815301076,1909f56bfc062723c751e8b465ee728b)
Start importing Assets/Mats/Testing Material.mat using Guid(920bf3fa2577f0c429c1c5526233decf) Importer(815301076,1909f56bfc062723c751e8b465ee728b)  -> (artifact id: 'bf299b607eae9ad90a9e7bd9e5b57bd3') in 0.023523 seconds
  Import took 0.029074 seconds .

========================================================================
Received Prepare
Registering precompiled user dll's ...
Registered in 0.001037 seconds.
Begin MonoManager ReloadAssembly
Native extension for WindowsStandalone target not found
Refreshing native plugins compatible for Editor in 0.30 ms, found 0 plugins.
Preloading 0 native plugins for Editor in 0.00 ms.
Invoked RoslynAnalysisRunner static constructor.
RoslynAnalysisRunner will not be running.
RoslynAnalysisRunner has terminated.
Mono: successfully reloaded assembly
- Completed reload, in  1.940 seconds
Platform modules already initialized, skipping
Refreshing native plugins compatible for Editor in 0.80 ms, found 0 plugins.
Preloading 0 native plugins for Editor in 0.00 ms.
Unloading 1255 Unused Serialized files (Serialized files now loaded: 0)
System memory in use before: 77.6 MB.
System memory in use after: 77.7 MB.

Unloading 6 unused Assets to reduce memory usage. Loaded Objects now: 1761.
Total: 5.694600 ms (FindLiveObjects: 0.238900 ms CreateObjectMapping: 0.147100 ms MarkObjects: 5.232600 ms  DeleteObjects: 0.073700 ms)

========================================================================
Received Prepare
Registering precompiled user dll's ...
Registered in 0.002832 seconds.
Begin MonoManager ReloadAssembly
Native extension for WindowsStandalone target not found
Refreshing native plugins compatible for Editor in 0.32 ms, found 0 plugins.
Preloading 0 native plugins for Editor in 0.00 ms.
Invoked RoslynAnalysisRunner static constructor.
RoslynAnalysisRunner will not be running.
RoslynAnalysisRunner has terminated.
Mono: successfully reloaded assembly
- Completed reload, in  1.319 seconds
Platform modules already initialized, skipping
Refreshing native plugins compatible for Editor in 0.30 ms, found 0 plugins.
Preloading 0 native plugins for Editor in 0.00 ms.
Unloading 1255 Unused Serialized files (Serialized files now loaded: 0)
System memory in use before: 77.4 MB.
System memory in use after: 77.5 MB.

Unloading 6 unused Assets to reduce memory usage. Loaded Objects now: 1764.
Total: 2.402600 ms (FindLiveObjects: 0.222700 ms CreateObjectMapping: 0.105900 ms MarkObjects: 1.989900 ms  DeleteObjects: 0.083100 ms)

========================================================================
Received Prepare
Registering precompiled user dll's ...
Registered in 0.001186 seconds.
Begin MonoManager ReloadAssembly
Native extension for WindowsStandalone target not found
Refreshing native plugins compatible for Editor in 0.35 ms, found 0 plugins.
Preloading 0 native plugins for Editor in 0.00 ms.
Invoked RoslynAnalysisRunner static constructor.
RoslynAnalysisRunner will not be running.
RoslynAnalysisRunner has terminated.
Mono: successfully reloaded assembly
- Completed reload, in  2.525 seconds
Platform modules already initialized, skipping
Refreshing native plugins compatible for Editor in 0.28 ms, found 0 plugins.
Preloading 0 native plugins for Editor in 0.00 ms.
Unloading 1255 Unused Serialized files (Serialized files now loaded: 0)
System memory in use before: 77.5 MB.
System memory in use after: 77.5 MB.

Unloading 6 unused Assets to reduce memory usage. Loaded Objects now: 1767.
Total: 3.155700 ms (FindLiveObjects: 0.260400 ms CreateObjectMapping: 0.113800 ms MarkObjects: 2.651700 ms  DeleteObjects: 0.127900 ms)

AssetImportWorkerClient::OnTransportError - code=2 error=End of file
